<?xml version="1.0" encoding="UTF-8"?>
<testsuite name="org.hazulnut.admin.test.UserRepositoryTest" tests="1" skipped="0" failures="0" errors="0" timestamp="2020-11-16T07:11:32" hostname="DESKTOP-KRJAJ5I" time="0.841">
  <properties/>
  <testcase name="testQueryUser()" classname="org.hazulnut.admin.test.UserRepositoryTest" time="0.841"/>
  <system-out><![CDATA[15:11:25.596 [Test worker] DEBUG org.springframework.test.context.BootstrapUtils - Instantiating CacheAwareContextLoaderDelegate from class [org.springframework.test.context.cache.DefaultCacheAwareContextLoaderDelegate]
15:11:25.620 [Test worker] DEBUG org.springframework.test.context.BootstrapUtils - Instantiating BootstrapContext using constructor [public org.springframework.test.context.support.DefaultBootstrapContext(java.lang.Class,org.springframework.test.context.CacheAwareContextLoaderDelegate)]
15:11:25.666 [Test worker] DEBUG org.springframework.test.context.BootstrapUtils - Instantiating TestContextBootstrapper for test class [org.hazulnut.admin.test.UserRepositoryTest] from class [org.springframework.boot.test.context.SpringBootTestContextBootstrapper]
15:11:25.688 [Test worker] INFO org.springframework.boot.test.context.SpringBootTestContextBootstrapper - Neither @ContextConfiguration nor @ContextHierarchy found for test class [org.hazulnut.admin.test.UserRepositoryTest], using SpringBootContextLoader
15:11:25.699 [Test worker] DEBUG org.springframework.test.context.support.AbstractContextLoader - Did not detect default resource location for test class [org.hazulnut.admin.test.UserRepositoryTest]: class path resource [org/hazulnut/admin/test/UserRepositoryTest-context.xml] does not exist
15:11:25.699 [Test worker] DEBUG org.springframework.test.context.support.AbstractContextLoader - Did not detect default resource location for test class [org.hazulnut.admin.test.UserRepositoryTest]: class path resource [org/hazulnut/admin/test/UserRepositoryTestContext.groovy] does not exist
15:11:25.700 [Test worker] INFO org.springframework.test.context.support.AbstractContextLoader - Could not detect default resource locations for test class [org.hazulnut.admin.test.UserRepositoryTest]: no resource found for suffixes {-context.xml, Context.groovy}.
15:11:25.702 [Test worker] INFO org.springframework.test.context.support.AnnotationConfigContextLoaderUtils - Could not detect default configuration classes for test class [org.hazulnut.admin.test.UserRepositoryTest]: UserRepositoryTest does not declare any static, non-private, non-final, nested classes annotated with @Configuration.
15:11:25.781 [Test worker] DEBUG org.springframework.test.context.support.ActiveProfilesUtils - Could not find an 'annotation declaring class' for annotation type [org.springframework.test.context.ActiveProfiles] and class [org.hazulnut.admin.test.UserRepositoryTest]
15:11:25.935 [Test worker] DEBUG org.springframework.context.annotation.ClassPathScanningCandidateComponentProvider - Identified candidate component class: file [D:\IdeaProjects\nuts-springboot-single\components\nuts-springboot-beetlsql\build\classes\java\test\org\hazulnut\SpringBootTestApplication.class]
15:11:25.937 [Test worker] INFO org.springframework.boot.test.context.SpringBootTestContextBootstrapper - Found @SpringBootConfiguration org.hazulnut.SpringBootTestApplication for test class org.hazulnut.admin.test.UserRepositoryTest
15:11:26.152 [Test worker] DEBUG org.springframework.boot.test.context.SpringBootTestContextBootstrapper - @TestExecutionListeners is not present for class [org.hazulnut.admin.test.UserRepositoryTest]: using defaults.
15:11:26.154 [Test worker] INFO org.springframework.boot.test.context.SpringBootTestContextBootstrapper - Loaded default TestExecutionListener class names from location [META-INF/spring.factories]: [org.springframework.boot.test.autoconfigure.restdocs.RestDocsTestExecutionListener, org.springframework.boot.test.autoconfigure.web.client.MockRestServiceServerResetTestExecutionListener, org.springframework.boot.test.autoconfigure.web.servlet.MockMvcPrintOnlyOnFailureTestExecutionListener, org.springframework.boot.test.autoconfigure.web.servlet.WebDriverTestExecutionListener, org.springframework.boot.test.autoconfigure.webservices.client.MockWebServiceServerTestExecutionListener, org.springframework.boot.test.mock.mockito.MockitoTestExecutionListener, org.springframework.boot.test.mock.mockito.ResetMocksTestExecutionListener, org.springframework.test.context.web.ServletTestExecutionListener, org.springframework.test.context.support.DirtiesContextBeforeModesTestExecutionListener, org.springframework.test.context.support.DependencyInjectionTestExecutionListener, org.springframework.test.context.support.DirtiesContextTestExecutionListener, org.springframework.test.context.transaction.TransactionalTestExecutionListener, org.springframework.test.context.jdbc.SqlScriptsTestExecutionListener, org.springframework.test.context.event.EventPublishingTestExecutionListener]
15:11:26.202 [Test worker] INFO org.springframework.boot.test.context.SpringBootTestContextBootstrapper - Using TestExecutionListeners: [org.springframework.test.context.web.ServletTestExecutionListener@33b7d7c5, org.springframework.test.context.support.DirtiesContextBeforeModesTestExecutionListener@718746f4, org.springframework.boot.test.mock.mockito.MockitoTestExecutionListener@3525a0b6, org.springframework.boot.test.autoconfigure.SpringBootDependencyInjectionTestExecutionListener@324419c4, org.springframework.test.context.support.DirtiesContextTestExecutionListener@3fc0e9b6, org.springframework.test.context.transaction.TransactionalTestExecutionListener@74bba85c, org.springframework.test.context.jdbc.SqlScriptsTestExecutionListener@6c83966d, org.springframework.test.context.event.EventPublishingTestExecutionListener@7e1b2800, org.springframework.boot.test.autoconfigure.restdocs.RestDocsTestExecutionListener@462ef32c, org.springframework.boot.test.autoconfigure.web.client.MockRestServiceServerResetTestExecutionListener@6f7e5afd, org.springframework.boot.test.autoconfigure.web.servlet.MockMvcPrintOnlyOnFailureTestExecutionListener@1f3e9981, org.springframework.boot.test.autoconfigure.web.servlet.WebDriverTestExecutionListener@38c2e94e, org.springframework.boot.test.autoconfigure.webservices.client.MockWebServiceServerTestExecutionListener@9c4dae9, org.springframework.boot.test.mock.mockito.ResetMocksTestExecutionListener@14f0c09e]
15:11:26.220 [Test worker] DEBUG org.springframework.test.context.support.AbstractDirtiesContextTestExecutionListener - Before test class: context [DefaultTestContext@18013a2d testClass = UserRepositoryTest, testInstance = [null], testMethod = [null], testException = [null], mergedContextConfiguration = [WebMergedContextConfiguration@52be59c7 testClass = UserRepositoryTest, locations = '{}', classes = '{class org.hazulnut.SpringBootTestApplication}', contextInitializerClasses = '[]', activeProfiles = '{}', propertySourceLocations = '{}', propertySourceProperties = '{org.springframework.boot.test.context.SpringBootTestContextBootstrapper=true}', contextCustomizers = set[org.springframework.boot.test.autoconfigure.properties.PropertyMappingContextCustomizer@0, org.springframework.boot.test.autoconfigure.web.servlet.WebDriverContextCustomizerFactory$Customizer@3203a612, org.springframework.boot.test.context.filter.ExcludeFilterContextCustomizer@649398e4, org.springframework.boot.test.json.DuplicateJsonObjectContextCustomizerFactory$DuplicateJsonObjectContextCustomizer@579d508f, org.springframework.boot.test.mock.mockito.MockitoContextCustomizer@0, org.springframework.boot.test.web.client.TestRestTemplateContextCustomizer@113a1802, org.springframework.boot.test.context.SpringBootTestArgs@1], resourceBasePath = 'src/main/webapp', contextLoader = 'org.springframework.boot.test.context.SpringBootContextLoader', parent = [null]], attributes = map['org.springframework.test.context.web.ServletTestExecutionListener.activateListener' -> true]], class annotated with @DirtiesContext [false] with mode [null].
15:11:26.311 [Test worker] DEBUG org.springframework.test.context.support.TestPropertySourceUtils - Adding inlined properties to environment: {spring.jmx.enabled=false, org.springframework.boot.test.context.SpringBootTestContextBootstrapper=true}

  .   ____          _            __ _ _
 /\\ / ___'_ __ _ _(_)_ __  __ _ \ \ \ \
( ( )\___ | '_ | '_| | '_ \/ _` | \ \ \ \
 \\/  ___)| |_)| | | | | || (_| |  ) ) ) )
  '  |____| .__|_| |_|_| |_\__, | / / / /
 =========|_|==============|___/=/_/_/_/
 :: Spring Boot ::        (v2.3.4.RELEASE)

2020-11-16 15:11:26.953  INFO 16044 --- [    Test worker] o.h.admin.test.UserRepositoryTest        : Starting UserRepositoryTest on DESKTOP-KRJAJ5I with PID 16044 (started by ach in D:\IdeaProjects\nuts-springboot-single\components\nuts-springboot-beetlsql)
2020-11-16 15:11:26.956  INFO 16044 --- [    Test worker] o.h.admin.test.UserRepositoryTest        : The following profiles are active: druid-dev,beetlsql-dev
2020-11-16 15:11:30.515  INFO 16044 --- [    Test worker] o.s.s.concurrent.ThreadPoolTaskExecutor  : Initializing ExecutorService 'applicationTaskExecutor'
BeetlSQL 运行在 product=false,md charset=UTF-8
2020-11-16 15:11:31.956  INFO 16044 --- [    Test worker] com.alibaba.druid.pool.DruidDataSource   : {dataSource-1,MyDruid} inited
2020-11-16 15:11:32.593  INFO 16044 --- [    Test worker] o.s.b.a.e.web.EndpointLinksResolver      : Exposing 2 endpoint(s) beneath base path '/actuator'
2020-11-16 15:11:32.720  INFO 16044 --- [    Test worker] o.h.admin.test.UserRepositoryTest        : Started UserRepositoryTest in 6.391 seconds (JVM running for 9.309)
2020-11-16 15:11:33.248  INFO 16044 --- [    Test worker] o.s.b.t.m.w.SpringBootMockServletContext : Initializing Spring TestDispatcherServlet ''
2020-11-16 15:11:33.248  INFO 16044 --- [    Test worker] o.s.t.web.servlet.TestDispatcherServlet  : Initializing Servlet ''
2020-11-16 15:11:33.268  INFO 16044 --- [    Test worker] o.s.t.web.servlet.TestDispatcherServlet  : Completed initialization in 20 ms
┏━━━━━ Debug [user.selectAllUser] ━━━
┣ SQL：	  SELECT * FROM orm_user 
┣ 参数：	 []
┣ 位置：	 org.hazulnut.admin.test.UserRepositoryTest.testQueryUser(UserRepositoryTest.java:33)
┣ 时间：	 61ms
┣ 结果：	 [2]
┗━━━━━ Debug [user.selectAllUser] ━━━

2020-11-16 15:11:33.571  INFO 16044 --- [    Test worker] o.h.admin.test.UserRepositoryTest        : UserPO{id=1, name='user_1', password='ff342e862e7c3285cdc07e56d6b8973b', salt='412365a109674b2dbb1981ed561a4c70', email='user1@xkcoding.com', phoneNumber='17300000001', status=1, createTime=Tue Jul 28 08:07:21 CST 2020, lastLoginTime=null, lastUpdateTime=Tue Jul 28 08:07:21 CST 2020}
2020-11-16 15:11:33.572  INFO 16044 --- [    Test worker] o.h.admin.test.UserRepositoryTest        : UserPO{id=2, name='user_2', password='6c6bf02c8d5d3d128f34b1700cb1e32c', salt='fcbdd0e8a9404a5585ea4e01d0e4d7a0', email='user2@xkcoding.com', phoneNumber='17300000002', status=1, createTime=Tue Jul 28 08:07:22 CST 2020, lastLoginTime=null, lastUpdateTime=Tue Jul 28 08:07:22 CST 2020}
]]></system-out>
  <system-err><![CDATA[]]></system-err>
</testsuite>
